\BOOKMARK [2][-]{section*.1}{\376\377\000H\000v\000o\000r\000a\000n\000\040\000l\000e\000s\000e\000\040\000g\000r\000a\000f\000e\000n\000e}{}% 1
\BOOKMARK [2][-]{section*.2}{\376\377\000A\000l\000e\000x\000a\000n\000d\000e\000r\000\040\000O\000l\000s\000e\000n}{}% 2
\BOOKMARK [2][-]{section*.4}{\376\377\000A\000n\000d\000r\000e\000a\000\040\000M\000e\000l\000a\000n\000i\000e\000\040\000K\000e\000s\000s\000l\000e\000r}{}% 3
\BOOKMARK [2][-]{section*.6}{\376\377\000A\000u\000d\000r\000e\000y\000\040\000V\000a\000n\000\040\000d\000e\000r\000\040\000M\000e\000e\000r}{}% 4
\BOOKMARK [2][-]{section*.8}{\376\377\000A\000u\000d\000u\000n\000\040\000H\000a\000v\000n\000e\000n}{}% 5
\BOOKMARK [2][-]{section*.10}{\376\377\000B\000e\000a\000t\000e\000\040\000W\000o\000l\000d\000\040\000H\000y\000g\000e\000n}{}% 6
\BOOKMARK [2][-]{section*.12}{\376\377\000C\000h\000r\000i\000s\000t\000i\000a\000n\000\040\000K\000l\000\370\000c\000k\000n\000e\000r}{}% 7
\BOOKMARK [2][-]{section*.14}{\376\377\000D\000a\000w\000n\000\040\000M\000a\000r\000i\000e\000\040\000B\000e\000h\000n\000e}{}% 8
\BOOKMARK [2][-]{section*.16}{\376\377\000F\000r\000e\000d\000e\000r\000i\000c\000k\000\040\000A\000n\000y\000a\000n}{}% 9
\BOOKMARK [2][-]{section*.18}{\376\377\000F\000r\000e\000d\000e\000r\000i\000k\000u\000s\000\040\000V\000a\000n\000\040\000d\000e\000r\000\040\000W\000e\000e\000l}{}% 10
\BOOKMARK [2][-]{section*.20}{\376\377\000G\000e\000r\000i\000t\000\040\000P\000f\000u\000h\000l}{}% 11
\BOOKMARK [2][-]{section*.22}{\376\377\000H\000e\000r\000m\000u\000n\000d\000u\000r\000\040\000S\000i\000g\000m\000u\000n\000d\000s\000s\000o\000n}{}% 12
\BOOKMARK [2][-]{section*.24}{\376\377\000I\000d\000a\000\040\000E\000m\000i\000l\000i\000a\000\040\000B\000r\000u\000n\000n\000e\000r}{}% 13
\BOOKMARK [2][-]{section*.26}{\376\377\000I\000n\000g\000v\000i\000l\000d\000\040\000S\000a\000k\000s\000v\000i\000k\000-\000L\000e\000h\000o\000u\000i\000l\000l\000i\000e\000r}{}% 14
\BOOKMARK [2][-]{section*.28}{\376\377\000J\000o\000l\000e\000n\000e\000\040\000V\000a\000n\000\040\000d\000e\000r\000\040\000K\000a\000a\000p\000-\000D\000e\000e\000d\000e\000r}{}% 15
\BOOKMARK [2][-]{section*.30}{\376\377\000L\000a\000r\000s\000\040\000W\000i\000c\000h\000s\000t\000r\000\370\000m}{}% 16
\BOOKMARK [2][-]{section*.32}{\376\377\000L\000e\000i\000f\000\040\000E\000d\000w\000a\000r\000d\000\040\000O\000t\000t\000e\000s\000e\000n\000\040\000K\000e\000n\000n\000a\000i\000r}{}% 17
\BOOKMARK [2][-]{section*.34}{\376\377\000M\000a\000g\000n\000e\000\040\000A\000r\000v\000e\000\040\000F\000l\000a\000t\000e\000n}{}% 18
\BOOKMARK [2][-]{section*.36}{\376\377\000M\000a\000g\000n\000u\000s\000\040\000A\000l\000m}{}% 19
\BOOKMARK [2][-]{section*.38}{\376\377\000M\000a\000t\000t\000h\000i\000a\000s\000\040\000M\000i\000t\000t\000n\000e\000r}{}% 20
\BOOKMARK [2][-]{section*.40}{\376\377\000M\000o\000n\000s\000\040\000B\000e\000n\000d\000i\000x\000e\000n}{}% 21
\BOOKMARK [2][-]{section*.42}{\376\377\000N\000i\000c\000h\000o\000l\000a\000s\000\040\000H\000a\000g\000e\000n\000\040\000K\000i\000r\000k\000e\000r\000u\000d}{}% 22
\BOOKMARK [2][-]{section*.44}{\376\377\000N\000u\000n\000n\000e\000\040\000E\000n\000g\000l\000u\000n\000d}{}% 23
\BOOKMARK [2][-]{section*.46}{\376\377\000O\000d\000i\000n\000\040\000H\000j\000e\000m\000d\000a\000l}{}% 24
\BOOKMARK [2][-]{section*.48}{\376\377\000P\000a\000t\000r\000i\000c\000k\000\040\000A\000.\000\040\000V\000o\000g\000e\000l}{}% 25
\BOOKMARK [2][-]{section*.49}{\376\377\000E\000n\000\040\000k\000o\000m\000m\000e\000n\000t\000a\000r\000\040\000p\000\345\000\040\000f\000o\000r\000v\000e\000n\000t\000e\000t\000\040\000r\000e\000p\000l\000i\000k\000a\000s\000j\000o\000n\000r\000a\000t\000e}{}% 26
\BOOKMARK [2][-]{section*.50}{\376\377\000S\000\345\000\040\000h\000v\000e\000m\000\040\000v\000a\000n\000t\000?}{}% 27
\BOOKMARK [2][-]{section*.51}{\376\377\000M\000a\000n\000g\000l\000e\000r\000\040\000v\000i\000\040\000d\000i\000n\000\040\000y\000n\000d\000l\000i\000n\000g\000s\000f\000o\000r\000s\000k\000e\000r\000?}{}% 28
\BOOKMARK [2][-]{section*.52}{\376\377\000D\000i\000s\000c\000l\000a\000i\000m\000e\000r}{}% 29
